<?xml version="1.0" encoding="UTF-8"?>
<testng-results ignored="0" total="2" passed="2" failed="0" skipped="0">
  <reporter-output>
  </reporter-output>
  <suite started-at="2022-11-01T22:19:05 IST" name="Suite" finished-at="2022-11-01T22:20:04 IST" duration-ms="59785">
    <groups>
    </groups>
    <test started-at="2022-11-01T22:19:05 IST" name="Test" finished-at="2022-11-01T22:20:04 IST" duration-ms="59785">
      <class name="selenium_practice.orange_hrm_login">
        <test-method signature="login(java.lang.String,java.lang.String)[pri:0, instance:selenium_practice.orange_hrm_login@243c4f91]" started-at="2022-11-01T22:19:05 IST" name="login" finished-at="2022-11-01T22:19:39 IST" duration-ms="33864" status="PASS">
          <params>
            <param index="0">
              <value>
                <![CDATA[Admin]]>
              </value>
            </param>
            <param index="1">
              <value>
                <![CDATA[admin123]]>
              </value>
            </param>
          </params>
          <reporter-output>
          </reporter-output>
        </test-method> <!-- login -->
        <test-method signature="login(java.lang.String,java.lang.String)[pri:0, instance:selenium_practice.orange_hrm_login@243c4f91]" started-at="2022-11-01T22:19:39 IST" name="login" finished-at="2022-11-01T22:20:04 IST" duration-ms="25898" status="PASS">
          <params>
            <param index="0">
              <value>
                <![CDATA[Admin]]>
              </value>
            </param>
            <param index="1">
              <value>
                <![CDATA[admin123]]>
              </value>
            </param>
          </params>
          <reporter-output>
          </reporter-output>
        </test-method> <!-- login -->
      </class> <!-- selenium_practice.orange_hrm_login -->
    </test> <!-- Test -->
  </suite> <!-- Suite -->
</testng-results>
